C51 COMPILER V9.60.0.0   MAIN                                                              10/30/2023 19:06:27 PAGE 1   


C51 COMPILER V9.60.0.0, COMPILATION OF MODULE MAIN
OBJECT MODULE PLACED IN .\Objects\main.obj
COMPILER INVOKED BY: C:\Keil_v5\C51\BIN\C51.EXE main.c OPTIMIZE(8,SPEED) BROWSE DEBUG OBJECTEXTEND PRINT(.\Listings\main
                    -.lst) TABS(2) OBJECT(.\Objects\main.obj)

line level    source

   1          #include "main.h"
   2          /*
   3              COL0 COL1 COL2 COL3   
   4               0    1    2    4   ROW0
   5               5    6    7    8   ROW0
   6               9   10   11   12   ROW0
   7              13   14   15   16   ROW0
   8          */
   9          
  10          unsigned char code SEVEN_SEGMENT_LED_ANODE_CODES[] = {0xC0, 0xF9, 0xA4, 0xB0, 0x99, 0x92, 0x82, 0xF8, 0x80
             -, 0x90, 0x88, 0x83, 0xC6, 0xA1, 0x86, 0x8E};
  11          unsigned char code SEVEN_SEGMENT_LED_CATHODE_CODES[]  = {0x3F, 0x06, 0x5B, 0x4F, 0x66, 0x6D, 0x7D, 0x07, 0
             -x7F, 0x6F, 0x77, 0x7C, 0x39, 0x5E, 0x79, 0x71};
  12          
  13          void setup()
  14          {
  15   1        // setup code here, to run once:
  16   1      }
  17          
  18          
  19          unsigned char display_key;
  20          
  21          void loop()
  22          {
  23   1        // code section to run repeatedly:
  24   1        char key_pressed = checkPressedButtonMatrixKeyboard4x4();
  25   1        if(key_pressed != -1)
  26   1          display_key = key_pressed;
  27   1        SEVEN_SEGMENT_LED_DATA_PORT = SEVEN_SEGMENT_LED_ANODE_CODES[display_key];
  28   1      }
  29          
  30          void main()
  31          {
  32   1        setup();
  33   1        while(1)
  34   1        {
  35   2          loop();
  36   2        }
  37   1      }


MODULE INFORMATION:   STATIC OVERLAYABLE
   CODE SIZE        =     37    ----
   CONSTANT SIZE    =     32    ----
   XDATA SIZE       =   ----    ----
   PDATA SIZE       =   ----    ----
   DATA SIZE        =      1    ----
   IDATA SIZE       =   ----    ----
   BIT SIZE         =   ----    ----
END OF MODULE INFORMATION.


C51 COMPILATION COMPLETE.  0 WARNING(S),  0 ERROR(S)
