C51 COMPILER V9.60.0.0   MATRIX_KEYBOARD_4X4                                               10/30/2023 19:06:27 PAGE 1   


C51 COMPILER V9.60.0.0, COMPILATION OF MODULE MATRIX_KEYBOARD_4X4
OBJECT MODULE PLACED IN .\Objects\matrix_keyboard_4x4.obj
COMPILER INVOKED BY: C:\Keil_v5\C51\BIN\C51.EXE ..\..\Libraries\MatrixKeyboard4x4\matrix_keyboard_4x4.c OPTIMIZE(8,SPEED
                    -) BROWSE DEBUG OBJECTEXTEND PRINT(.\Listings\matrix_keyboard_4x4.lst) TABS(2) OBJECT(.\Objects\matrix_keyboard_4x4.obj)

line level    source

   1          #include "matrix_keyboard_4x4.h"
   2          #include "main.h"
   3          
   4          char checkPressedButtonMatrixKeyboard4x4()
   5          {
   6   1        char key = -1;
   7   1        // Checking ROW 0
   8   1        MATRIX_KEYBOARD_4X4_ROW_0_PIN = LOW;
   9   1        if(MATRIX_KEYBOARD_4X4_COL_0_PIN == LOW)
  10   1          key = 0;
  11   1        if(MATRIX_KEYBOARD_4X4_COL_1_PIN == LOW)
  12   1          key = 1;
  13   1        if(MATRIX_KEYBOARD_4X4_COL_2_PIN == LOW)
  14   1          key = 2;
  15   1        if(MATRIX_KEYBOARD_4X4_COL_3_PIN == LOW)
  16   1          key = 3;
  17   1        MATRIX_KEYBOARD_4X4_ROW_0_PIN = HIGH;
  18   1        // Checking ROW 1
  19   1        MATRIX_KEYBOARD_4X4_ROW_1_PIN = LOW;
  20   1        if(MATRIX_KEYBOARD_4X4_COL_0_PIN == LOW)
  21   1          key = 4;
  22   1        if(MATRIX_KEYBOARD_4X4_COL_1_PIN == LOW)
  23   1          key = 5;
  24   1        if(MATRIX_KEYBOARD_4X4_COL_2_PIN == LOW)
  25   1          key = 6;
  26   1        if(MATRIX_KEYBOARD_4X4_COL_3_PIN == LOW)
  27   1          key = 7;
  28   1        MATRIX_KEYBOARD_4X4_ROW_1_PIN = HIGH;
  29   1        // Checking ROW 2
  30   1        MATRIX_KEYBOARD_4X4_ROW_2_PIN = LOW;
  31   1        if(MATRIX_KEYBOARD_4X4_COL_0_PIN == LOW)
  32   1          key = 8;
  33   1        if(MATRIX_KEYBOARD_4X4_COL_1_PIN == LOW)
  34   1          key = 9;
  35   1        if(MATRIX_KEYBOARD_4X4_COL_2_PIN == LOW)
  36   1          key = 10;
  37   1        if(MATRIX_KEYBOARD_4X4_COL_3_PIN == LOW)
  38   1          key = 11;
  39   1        MATRIX_KEYBOARD_4X4_ROW_2_PIN = HIGH;
  40   1        // Checking ROW 3
  41   1        MATRIX_KEYBOARD_4X4_ROW_3_PIN = LOW;
  42   1        if(MATRIX_KEYBOARD_4X4_COL_0_PIN == LOW)
  43   1          key = 12;
  44   1        if(MATRIX_KEYBOARD_4X4_COL_1_PIN == LOW)
  45   1          key = 13;
  46   1        if(MATRIX_KEYBOARD_4X4_COL_2_PIN == LOW)
  47   1          key = 14;
  48   1        if(MATRIX_KEYBOARD_4X4_COL_3_PIN == LOW)
  49   1          key = 15;
  50   1        MATRIX_KEYBOARD_4X4_ROW_3_PIN = HIGH;
  51   1        
  52   1        return key;
  53   1      }

C51 COMPILER V9.60.0.0   MATRIX_KEYBOARD_4X4                                               10/30/2023 19:06:27 PAGE 2   


MODULE INFORMATION:   STATIC OVERLAYABLE
   CODE SIZE        =     99    ----
   CONSTANT SIZE    =   ----    ----
   XDATA SIZE       =   ----    ----
   PDATA SIZE       =   ----    ----
   DATA SIZE        =   ----    ----
   IDATA SIZE       =   ----    ----
   BIT SIZE         =   ----    ----
END OF MODULE INFORMATION.


C51 COMPILATION COMPLETE.  0 WARNING(S),  0 ERROR(S)
