C51 COMPILER V9.60.0.0   MAIN                                                              11/12/2023 00:23:14 PAGE 1   


C51 COMPILER V9.60.0.0, COMPILATION OF MODULE MAIN
OBJECT MODULE PLACED IN .\Objects\main.obj
COMPILER INVOKED BY: C:\Keil_v5\C51\BIN\C51.EXE main.c OPTIMIZE(8,SPEED) BROWSE DEBUG OBJECTEXTEND PRINT(.\Listings\main
                    -.lst) TABS(2) OBJECT(.\Objects\main.obj)

line level    source

   1          #include "main.h"
   2          
   3          byte code SEVEN_SEGMENT_LED_ANODE_CODES[] = {0xC0, 0xF9, 0xA4, 0xB0, 0x99, 0x92, 0x82, 0xF8, 0x80, 0x90, 0
             -x88, 0x83, 0xC6, 0xA1, 0x86, 0x8E};
   4          
   5          void setup()
   6          {
   7   1        // setup code here, to run once:
   8   1      }
   9          
  10          void displayRandomValueTo7SegmentLed(unsigned char value)
  11          {
  12   1        SEVEN_SEGMENT_LED_DATA_PORT = SEVEN_SEGMENT_LED_ANODE_CODES[value % 6 + 1]; // Random 1 - 6
  13   1      }
  14          
  15          void checkButtonToRandomValue()
  16          {
  17   1        unsigned char random_value;
  18   1        BUTTON_PIN = LOW;
  19   1        if(BUTTON_PIN == HIGH)
  20   1        {
  21   2          while(BUTTON_PIN == HIGH)
  22   2          {
  23   3            // Waiting for button to be released
  24   3            random_value++;
  25   3          }
  26   2          displayRandomValueTo7SegmentLed(random_value);
  27   2        }
  28   1      }
  29          
  30          void loop()
  31          {
  32   1        // code section to run repeatedly:
  33   1        checkButtonToRandomValue();
  34   1      }
  35          
  36          void main()
  37          {
  38   1        setup();
  39   1        while(TRUE)
  40   1        {
  41   2          loop();
  42   2        }
  43   1      }


MODULE INFORMATION:   STATIC OVERLAYABLE
   CODE SIZE        =     44    ----
   CONSTANT SIZE    =     16    ----
   XDATA SIZE       =   ----    ----
   PDATA SIZE       =   ----    ----
   DATA SIZE        =   ----       1
   IDATA SIZE       =   ----    ----
   BIT SIZE         =   ----    ----
C51 COMPILER V9.60.0.0   MAIN                                                              11/12/2023 00:23:14 PAGE 2   

END OF MODULE INFORMATION.


C51 COMPILATION COMPLETE.  0 WARNING(S),  0 ERROR(S)
