C51 COMPILER V9.60.0.0   MAIN                                                              11/12/2023 00:12:08 PAGE 1   


C51 COMPILER V9.60.0.0, COMPILATION OF MODULE MAIN
OBJECT MODULE PLACED IN .\Objects\main.obj
COMPILER INVOKED BY: C:\Keil_v5\C51\BIN\C51.EXE main.c OPTIMIZE(8,SPEED) BROWSE DEBUG OBJECTEXTEND PRINT(.\Listings\main
                    -.lst) TABS(2) OBJECT(.\Objects\main.obj)

line level    source

   1          #include "main.h"
   2          
   3          #define t_ms 500
   4          
   5          void main()
   6          {
   7   1        while(TRUE)
   8   1        {
   9   2          unsigned char x;
  10   2          LED_PORT = 0xAA;
  11   2          for(x = 0; x < 8; x++)
  12   2          {
  13   3            delay_ms(t_ms);
  14   3            LED_PORT = ~LED_PORT;
  15   3          }
  16   2          LED_PORT = 0xFF;
  17   2          for(x = 0; x < 8; x++)
  18   2          {
  19   3            delay_ms(t_ms);
  20   3            LED_PORT = ~LED_PORT;
  21   3          }
  22   2          LED_PORT = 0x0F;
  23   2          for(x = 0; x < 4; x++)
  24   2          {
  25   3            delay_ms(t_ms);
  26   3            LED_PORT <<= 1;
  27   3          }
  28   2          for(x = 0; x < 5; x++)
  29   2          {
  30   3            delay_ms(t_ms);
  31   3            LED_PORT >>= 1;
  32   3          }
  33   2          LED_PORT = 0x07;
  34   2          for(x = 0; x < 5; x++)
  35   2          {
  36   3            delay_ms(t_ms);
  37   3            LED_PORT <<= 1;
  38   3          }
  39   2          for(x = 0; x < 6; x++)
  40   2          {
  41   3            delay_ms(t_ms);
  42   3            LED_PORT >>= 1;
  43   3          }
  44   2        }
  45   1      }


MODULE INFORMATION:   STATIC OVERLAYABLE
   CODE SIZE        =    195    ----
   CONSTANT SIZE    =   ----    ----
   XDATA SIZE       =   ----    ----
   PDATA SIZE       =   ----    ----
   DATA SIZE        =   ----       1
   IDATA SIZE       =   ----    ----
C51 COMPILER V9.60.0.0   MAIN                                                              11/12/2023 00:12:08 PAGE 2   

   BIT SIZE         =   ----    ----
END OF MODULE INFORMATION.


C51 COMPILATION COMPLETE.  0 WARNING(S),  0 ERROR(S)
