C51 COMPILER V9.60.0.0   IC74595                                                           11/01/2023 18:43:13 PAGE 1   


C51 COMPILER V9.60.0.0, COMPILATION OF MODULE IC74595
OBJECT MODULE PLACED IN .\Objects\ic74595.obj
COMPILER INVOKED BY: C:\Keil_v5\C51\BIN\C51.EXE ..\..\Libraries\IC74595\ic74595.c OPTIMIZE(8,SPEED) BROWSE DEBUG OBJECTE
                    -XTEND PRINT(.\Listings\ic74595.lst) TABS(2) OBJECT(.\Objects\ic74595.obj)

line level    source

   1          #include "ic74595.h"
   2          #include "main.h"
   3          
   4          void IC74595_pushByte(unsigned char byte_value)
   5          {
   6   1        unsigned char bit_index;
   7   1        for(bit_index = 0; bit_index < 8; bit_index++)
   8   1        {
   9   2          IC74595_DS_PIN = byte_value & (0x80 >> bit_index);  // Push bit
*** ERROR C202 IN LINE 9 OF ..\..\Libraries\IC74595\ic74595.c: 'IC74595_DS_PIN': undefined identifier
  10   2          IC74595_SH_CP_PIN = LOW;    // Shift latch pulse
  11   2          IC74595_SH_CP_PIN = HIGH;
  12   2        }
  13   1        IC74595_ST_CP_PIN = LOW;  // Output latch pulse
  14   1        IC74595_ST_CP_PIN = HIGH;
  15   1      }
  16          
  17          void IC74595_pushBytes(unsigned char *p_bytes_arr,unsigned char number_of_bytes)
  18          {
  19   1        unsigned char byte_index;
  20   1        for(byte_index = 0; byte_index < number_of_bytes; byte_index++)
  21   1        {
  22   2          unsigned char byte_value = *(p_bytes_arr + byte_index);
  23   2          unsigned char bit_index;
  24   2          for(bit_index = 0; bit_index < 8; bit_index++)
  25   2          {
  26   3            IC74595_DS_PIN = byte_value & (0x80 >> bit_index);  // Push bit
*** ERROR C202 IN LINE 26 OF ..\..\Libraries\IC74595\ic74595.c: 'IC74595_DS_PIN': undefined identifier
  27   3            IC74595_SH_CP_PIN = LOW;    // Shift latch pulse
  28   3            IC74595_SH_CP_PIN = HIGH;
  29   3          }
  30   2        }
  31   1        IC74595_ST_CP_PIN = LOW;  // Output latch pulse
  32   1        IC74595_ST_CP_PIN = HIGH;
  33   1      }

C51 COMPILATION COMPLETE.  0 WARNING(S),  2 ERROR(S)
