C51 COMPILER V9.60.0.0   IC74595_MATRIX_LED_5X7                                            11/02/2023 21:01:40 PAGE 1   


C51 COMPILER V9.60.0.0, COMPILATION OF MODULE IC74595_MATRIX_LED_5X7
OBJECT MODULE PLACED IN .\Objects\ic74595_matrix_led_5x7.obj
COMPILER INVOKED BY: C:\Keil_v5\C51\BIN\C51.EXE ic74595_matrix_led_5x7.c OPTIMIZE(8,SPEED) BROWSE DEBUG OBJECTEXTEND PRI
                    -NT(.\Listings\ic74595_matrix_led_5x7.lst) TABS(2) OBJECT(.\Objects\ic74595_matrix_led_5x7.obj)

line level    source

   1          #include "ic74595_matrix_led_5x7.h"
   2          #include "main.h"
   3          
   4          


MODULE INFORMATION:   STATIC OVERLAYABLE
   CODE SIZE        =   ----    ----
   CONSTANT SIZE    =   ----    ----
   XDATA SIZE       =   ----    ----
   PDATA SIZE       =   ----    ----
   DATA SIZE        =   ----    ----
   IDATA SIZE       =   ----    ----
   BIT SIZE         =   ----    ----
END OF MODULE INFORMATION.


C51 COMPILATION COMPLETE.  0 WARNING(S),  0 ERROR(S)
