C51 COMPILER V9.60.0.0   DELAY                                                             11/11/2023 14:49:12 PAGE 1   


C51 COMPILER V9.60.0.0, COMPILATION OF MODULE DELAY
OBJECT MODULE PLACED IN .\Objects\delay.obj
COMPILER INVOKED BY: C:\Keil_v5\C51\BIN\C51.EXE ..\..\Libraries\Delay\delay.c OPTIMIZE(8,SPEED) BROWSE DEBUG OBJECTEXTEN
                    -D PRINT(.\Listings\delay.lst) TABS(2) OBJECT(.\Objects\delay.obj)

line level    source

   1          #include "delay.h"
   2          #include "main.h"
   3          
   4          #if(FREQ_OSC == 12000000)
   5          #define TIME_SCALE 123
   6          #elif(FREQ_OSC == 11059200)
              #define TIME_SCALE 113
              #elif(FREQ_OSC == 8000000)
              #define TIME_SCALE 218
              #else
              #error "No any delay for that FREQ_OSC"
              #endif
  13          
  14          void delay_ms(unsigned int t_delay_ms)
  15          {
  16   1        unsigned int x, y;
  17   1        for(x = 0; x < t_delay_ms; x++)
  18   1        {
  19   2          for(y = 0; y < TIME_SCALE; y++)
  20   2          {
  21   3            // Khong lam gi ca
  22   3          }
  23   2        }
  24   1      }
  25          
  26          void delay_us(unsigned int t_delay_us)
  27          {
  28   1        unsigned int x;
  29   1        if (t_delay_us < 500)
  30   1          for(x = 0; x < t_delay_us/40; x++)
  31   1          {
  32   2            // Khong lam gi ca
  33   2          }
  34   1        else if (t_delay_us < 5000)
  35   1          for(x = 0; x < t_delay_us/160; x++)
  36   1          {
  37   2            // Khong lam gi ca
  38   2          }
  39   1        else
  40   1          for(x = 0; x < t_delay_us/150; x++)
  41   1          {
  42   2            // Khong lam gi ca
  43   2          }
  44   1      }


MODULE INFORMATION:   STATIC OVERLAYABLE
   CODE SIZE        =    143    ----
   CONSTANT SIZE    =   ----    ----
   XDATA SIZE       =   ----    ----
   PDATA SIZE       =   ----    ----
   DATA SIZE        =   ----    ----
   IDATA SIZE       =   ----    ----
   BIT SIZE         =   ----    ----
C51 COMPILER V9.60.0.0   DELAY                                                             11/11/2023 14:49:12 PAGE 2   

END OF MODULE INFORMATION.


C51 COMPILATION COMPLETE.  0 WARNING(S),  0 ERROR(S)
