C51 COMPILER V9.60.0.0   MAIN                                                              10/21/2023 07:26:48 PAGE 1   


C51 COMPILER V9.60.0.0, COMPILATION OF MODULE MAIN
OBJECT MODULE PLACED IN .\Objects\main.obj
COMPILER INVOKED BY: C:\Keil_v5\C51\BIN\C51.EXE main.c OPTIMIZE(8,SPEED) BROWSE DEBUG OBJECTEXTEND PRINT(.\Listings\main
                    -.lst) TABS(2) OBJECT(.\Objects\main.obj)

line level    source

   1          #include "main.h"
   2          
   3          void setup()
   4          {
   5   1        // setup code here, to run once:
   6   1        button_pull_up = HIGH;  // Init logic High for Low Active button
   7   1        led_pull_up = LOW;  // Init led off
   8   1      }
   9          
  10          // Advanced Button checking
  11          void checkPressedToToogleLed()
  12          {
  13   1        // Init logic High before checking if Low Active button is pressed
  14   1        button_pull_up = HIGH;
  15   1        if(button_pull_up == LOW)
  16   1        {
  17   2          delay_ms(20); // Chong doi phim
  18   2          if(button_pull_up == LOW)
  19   2          {
  20   3            led_pull_up = !led_pull_up;
  21   3            while(button_pull_up == LOW); // Wait for button release
  22   3          }
  23   2        }
  24   1      }
  25          
  26          void loop()
  27          {
  28   1        // code section to run repeatedly:
  29   1        checkPressedToToogleLed();
  30   1      }
  31          
  32          void main()
  33          {
  34   1        setup();
  35   1        while(1)
  36   1        {
  37   2          loop();
  38   2        }
  39   1      }


MODULE INFORMATION:   STATIC OVERLAYABLE
   CODE SIZE        =     37    ----
   CONSTANT SIZE    =   ----    ----
   XDATA SIZE       =   ----    ----
   PDATA SIZE       =   ----    ----
   DATA SIZE        =   ----    ----
   IDATA SIZE       =   ----    ----
   BIT SIZE         =   ----    ----
END OF MODULE INFORMATION.


C51 COMPILATION COMPLETE.  0 WARNING(S),  0 ERROR(S)
