C51 COMPILER V9.60.0.0   MAIN                                                              11/12/2023 00:13:03 PAGE 1   


C51 COMPILER V9.60.0.0, COMPILATION OF MODULE MAIN
OBJECT MODULE PLACED IN .\Objects\main.obj
COMPILER INVOKED BY: C:\Keil_v5\C51\BIN\C51.EXE main.c OPTIMIZE(8,SPEED) BROWSE DEBUG OBJECTEXTEND PRINT(.\Listings\main
                    -.lst) TABS(2) OBJECT(.\Objects\main.obj)

line level    source

   1          #include "main.h"
   2          
   3          unsigned char code SEVEN_SEGMENT_LED_ANODE_CODES[] = {0xC0, 0xF9, 0xA4, 0xB0, 0x99, 0x92, 0x82, 0xF8, 0x80
             -, 0x90, 0x88, 0x83, 0xC6, 0xA1, 0x86, 0x8E};
   4          
   5          void setup()
   6          {
   7   1        // setup code here, to run once:
   8   1        
   9   1      }
  10          
  11          void loop()
  12          {
  13   1        // code section to run repeatedly:
  14   1        IC74595_pushByte(SEVEN_SEGMENT_LED_ANODE_CODES[6]);
  15   1        delay_ms(500);
  16   1        IC74595_pushByte(SEVEN_SEGMENT_LED_ANODE_CODES[9]);
  17   1        delay_ms(500);
  18   1      }
  19          
  20          void main()
  21          {
  22   1        setup();
  23   1        while(TRUE)
  24   1        {
  25   2          loop();
  26   2        }
  27   1      }


MODULE INFORMATION:   STATIC OVERLAYABLE
   CODE SIZE        =     41    ----
   CONSTANT SIZE    =     16    ----
   XDATA SIZE       =   ----    ----
   PDATA SIZE       =   ----    ----
   DATA SIZE        =   ----    ----
   IDATA SIZE       =   ----    ----
   BIT SIZE         =   ----    ----
END OF MODULE INFORMATION.


C51 COMPILATION COMPLETE.  0 WARNING(S),  0 ERROR(S)
