C51 COMPILER V9.60.0.0   MAIN                                                              10/30/2023 19:17:29 PAGE 1   


C51 COMPILER V9.60.0.0, COMPILATION OF MODULE MAIN
OBJECT MODULE PLACED IN .\Objects\main.obj
COMPILER INVOKED BY: C:\Keil_v5\C51\BIN\C51.EXE main.c OPTIMIZE(8,SPEED) BROWSE DEBUG OBJECTEXTEND PRINT(.\Listings\main
                    -.lst) TABS(2) OBJECT(.\Objects\main.obj)

line level    source

   1          #include "main.h"
   2          
   3          void setup()
   4          {
   5   1        // setup code here, to run once:
   6   1        
   7   1      }
   8          
   9          unsigned char key_pressed;
  10          
  11          unsigned char keys[] = {'7', '8', '9', '%',
  12                                  '4', '5', '6', '*',
  13                                  '1', '2', '3', '-',
  14                                  'C', '0', '=', '+'};
  15          
  16          void loop()
  17          {
  18   1        // code section to run repeatedly:
  19   1        char key = checkPressedButtonMatrixKeyboard4x4();
  20   1        if(key != -1)
  21   1          key_pressed = key;
  22   1        
  23   1      }
  24          
  25          void main()
  26          {
  27   1        setup();
  28   1        while(1)
  29   1        {
  30   2          loop();
  31   2        }
  32   1      }


MODULE INFORMATION:   STATIC OVERLAYABLE
   CODE SIZE        =     29    ----
   CONSTANT SIZE    =   ----    ----
   XDATA SIZE       =   ----    ----
   PDATA SIZE       =   ----    ----
   DATA SIZE        =     17    ----
   IDATA SIZE       =   ----    ----
   BIT SIZE         =   ----    ----
END OF MODULE INFORMATION.


C51 COMPILATION COMPLETE.  0 WARNING(S),  0 ERROR(S)
