C51 COMPILER V9.60.0.0   MATRIX_KEYBOARD_4X4                                               11/11/2023 23:57:48 PAGE 1   


C51 COMPILER V9.60.0.0, COMPILATION OF MODULE MATRIX_KEYBOARD_4X4
OBJECT MODULE PLACED IN .\Objects\matrix_keyboard_4x4.obj
COMPILER INVOKED BY: C:\Keil_v5\C51\BIN\C51.EXE ..\..\Libraries\MatrixKeyboard4x4\matrix_keyboard_4x4.c OPTIMIZE(8,SPEED
                    -) BROWSE DEBUG OBJECTEXTEND PRINT(.\Listings\matrix_keyboard_4x4.lst) TABS(2) OBJECT(.\Objects\matrix_keyboard_4x4.obj)

line level    source

   1          #include "matrix_keyboard_4x4.h"
   2          #include "..\Common\common.h"
   3          #include "port.h"
   4          
   5          char checkPressedButtonMatrixKeyboard4x4()
   6          {
   7   1        char key = -1;
   8   1        // Checking ROW 0
   9   1        MATRIX_KEYBOARD_4X4_ROW_0_PIN = LOW;
  10   1        if(MATRIX_KEYBOARD_4X4_COL_0_PIN == LOW)
  11   1          key = 0;
  12   1        if(MATRIX_KEYBOARD_4X4_COL_1_PIN == LOW)
  13   1          key = 1;
  14   1        if(MATRIX_KEYBOARD_4X4_COL_2_PIN == LOW)
  15   1          key = 2;
  16   1        if(MATRIX_KEYBOARD_4X4_COL_3_PIN == LOW)
  17   1          key = 3;
  18   1        MATRIX_KEYBOARD_4X4_ROW_0_PIN = HIGH;
  19   1        // Checking ROW 1
  20   1        MATRIX_KEYBOARD_4X4_ROW_1_PIN = LOW;
  21   1        if(MATRIX_KEYBOARD_4X4_COL_0_PIN == LOW)
  22   1          key = 4;
  23   1        if(MATRIX_KEYBOARD_4X4_COL_1_PIN == LOW)
  24   1          key = 5;
  25   1        if(MATRIX_KEYBOARD_4X4_COL_2_PIN == LOW)
  26   1          key = 6;
  27   1        if(MATRIX_KEYBOARD_4X4_COL_3_PIN == LOW)
  28   1          key = 7;
  29   1        MATRIX_KEYBOARD_4X4_ROW_1_PIN = HIGH;
  30   1        // Checking ROW 2
  31   1        MATRIX_KEYBOARD_4X4_ROW_2_PIN = LOW;
  32   1        if(MATRIX_KEYBOARD_4X4_COL_0_PIN == LOW)
  33   1          key = 8;
  34   1        if(MATRIX_KEYBOARD_4X4_COL_1_PIN == LOW)
  35   1          key = 9;
  36   1        if(MATRIX_KEYBOARD_4X4_COL_2_PIN == LOW)
  37   1          key = 10;
  38   1        if(MATRIX_KEYBOARD_4X4_COL_3_PIN == LOW)
  39   1          key = 11;
  40   1        MATRIX_KEYBOARD_4X4_ROW_2_PIN = HIGH;
  41   1        // Checking ROW 3
  42   1        MATRIX_KEYBOARD_4X4_ROW_3_PIN = LOW;
  43   1        if(MATRIX_KEYBOARD_4X4_COL_0_PIN == LOW)
  44   1          key = 12;
  45   1        if(MATRIX_KEYBOARD_4X4_COL_1_PIN == LOW)
  46   1          key = 13;
  47   1        if(MATRIX_KEYBOARD_4X4_COL_2_PIN == LOW)
  48   1          key = 14;
  49   1        if(MATRIX_KEYBOARD_4X4_COL_3_PIN == LOW)
  50   1          key = 15;
  51   1        MATRIX_KEYBOARD_4X4_ROW_3_PIN = HIGH;
  52   1        
  53   1        return key;
  54   1      }
C51 COMPILER V9.60.0.0   MATRIX_KEYBOARD_4X4                                               11/11/2023 23:57:48 PAGE 2   



MODULE INFORMATION:   STATIC OVERLAYABLE
   CODE SIZE        =     99    ----
   CONSTANT SIZE    =   ----    ----
   XDATA SIZE       =   ----    ----
   PDATA SIZE       =   ----    ----
   DATA SIZE        =   ----    ----
   IDATA SIZE       =   ----    ----
   BIT SIZE         =   ----    ----
END OF MODULE INFORMATION.


C51 COMPILATION COMPLETE.  0 WARNING(S),  0 ERROR(S)
