C51 COMPILER V9.60.0.0   DELAY                                                             11/11/2023 23:12:04 PAGE 1   


C51 COMPILER V9.60.0.0, COMPILATION OF MODULE DELAY
OBJECT MODULE PLACED IN .\Objects\delay.obj
COMPILER INVOKED BY: C:\Keil_v5\C51\BIN\C51.EXE Z:\Users\nmhtdytgmail.com\Embedded\8051\Libraries\Delay\delay.c OPTIMIZE
                    -(8,SPEED) BROWSE DEBUG OBJECTEXTEND PRINT(.\Listings\delay.lst) TABS(2) OBJECT(.\Objects\delay.obj)

line level    source

   1          #include "delay.h"
   2          #include "settings.h"
   3          
   4          // FREQ_OSC
   5          #define FREQ_12MHZ 12000000
   6          #define FREQ_11_0592MHZ 11059200
   7          #define FREQ_8MHZ 8000000
   8          
   9          // DELAY_MODE
  10          #define DELAY_USING_TIMER_0 0x00
  11          #define DELAY_USING_TIMER_1 0x01
  12          #define DELAY_USING_FOR_LOOP 0x02
  13          
  14          #ifndef FREQ_OSC
              // {
                #error "FREQ_OSC not defined!"
              // }
              #else
  19          // {
  20            #ifndef DELAY_MODE
                // {
                  #error "DELAY_MODE not defined!"
                // }
                #else
  25            // {
  26              #if (DELAY_MODE == DELAY_USING_FOR_LOOP)
  27              // {
  28                #if (FREQ_OSC == FREQ_12MHZ)
  29                // {
  30                  #define TIME_SCALE 123
  31                // }
  32                #elif (FREQ_OSC == FREQ_11_0592MHZ)
                    // {
                      #define TIME_SCALE 113
                    // }
                    #elif (FREQ_OSC == FREQ_8MHZ)
                    // {
                      #define TIME_SCALE 218
                    // }
                    #else
                    // {
                      #error "No delay for that FREQ_OSC"
                    // }
                    #endif
  45                
  46                #ifdef TIME_SCALE
  47                // {
  48                  void delay_ms(unsigned int t_delay_ms)
  49                  {
  50   1                unsigned int x, y;
  51   1                for (x = 0; x < t_delay_ms; x++)
  52   1                {
  53   2                  for (y = 0; y < TIME_SCALE; y++)
  54   2                  {
C51 COMPILER V9.60.0.0   DELAY                                                             11/11/2023 23:12:04 PAGE 2   

  55   3                    // Do nothing
  56   3                  }
  57   2                }
  58   1              }
  59                #endif
  60                // }
  61              // }
  62              #elif (DELAY_MODE == DELAY_USING_TIMER_0)
                  // {
                  
                  // }
                  #elif (DELAY_MODE == DELAY_USING_TIMER_1)
                  // {
                  
                  // }
                  #else
                  // {
                    #error "Invalid DELAY_MODE!"
                  // }
                  #endif
  75            // }
  76            #endif
  77          // }
  78          #endif


MODULE INFORMATION:   STATIC OVERLAYABLE
   CODE SIZE        =     32    ----
   CONSTANT SIZE    =   ----    ----
   XDATA SIZE       =   ----    ----
   PDATA SIZE       =   ----    ----
   DATA SIZE        =   ----    ----
   IDATA SIZE       =   ----    ----
   BIT SIZE         =   ----    ----
END OF MODULE INFORMATION.


C51 COMPILATION COMPLETE.  0 WARNING(S),  0 ERROR(S)
