C51 COMPILER V9.60.0.0   MAIN                                                              11/12/2023 00:07:18 PAGE 1   


C51 COMPILER V9.60.0.0, COMPILATION OF MODULE MAIN
OBJECT MODULE PLACED IN .\Objects\main.obj
COMPILER INVOKED BY: C:\Keil_v5\C51\BIN\C51.EXE main.c OPTIMIZE(8,SPEED) BROWSE DEBUG OBJECTEXTEND PRINT(.\Listings\main
                    -.lst) TABS(2) OBJECT(.\Objects\main.obj)

line level    source

   1          #include "main.h"
   2          
   3          void setup()
   4          {
   5   1        // setup code here, to run once:
   6   1        button_pull_down = LOW;
   7   1        button_pull_up = HIGH;
   8   1        led_pull_down = LOW;
   9   1        led_pull_up = LOW;
  10   1      }
  11          
  12          void loop()
  13          {
  14   1        // code section to run repeatedly:
  15   1        led_pull_down = button_pull_down == HIGH;
  16   1        led_pull_up = button_pull_up == LOW;
  17   1      }
  18          
  19          void main()
  20          {
  21   1        setup();
  22   1        while(TRUE)
  23   1        {
  24   2          loop();
  25   2        }
  26   1      }


MODULE INFORMATION:   STATIC OVERLAYABLE
   CODE SIZE        =     37    ----
   CONSTANT SIZE    =   ----    ----
   XDATA SIZE       =   ----    ----
   PDATA SIZE       =   ----    ----
   DATA SIZE        =   ----    ----
   IDATA SIZE       =   ----    ----
   BIT SIZE         =   ----    ----
END OF MODULE INFORMATION.


C51 COMPILATION COMPLETE.  0 WARNING(S),  0 ERROR(S)
