C51 COMPILER V9.60.0.0   MAIN                                                              10/25/2023 08:09:43 PAGE 1   


C51 COMPILER V9.60.0.0, COMPILATION OF MODULE MAIN
OBJECT MODULE PLACED IN .\Objects\main.obj
COMPILER INVOKED BY: C:\Keil_v5\C51\BIN\C51.EXE main.c OPTIMIZE(8,SPEED) BROWSE DEBUG OBJECTEXTEND PRINT(.\Listings\main
                    -.lst) TABS(2) OBJECT(.\Objects\main.obj)

line level    source

   1          #include "main.h"
   2          
   3          unsigned char code SEVEN_SEGMENT_LED_ANODE_CODES[] = {0xC0, 0xF9, 0xA4, 0xB0, 0x99, 0x92, 0x82, 0xF8, 0x80
             -, 0x90, 0x88, 0x83, 0xC6, 0xA1, 0x86, 0x8E};
   4          unsigned char code SEVEN_SEGMENT_LED_CATHODE_CODES[]  = {0x3F, 0x06, 0x5B, 0x4F, 0x66, 0x6D, 0x7D, 0x07, 0
             -x7F, 0x6F, 0x77, 0x7C, 0x39, 0x5E, 0x79, 0x71};
   5          
   6          void setup()
   7          {
   8   1        // setup code here, to run once:
   9   1        ANODE_SEVEN_SEGMENT_LED_EN_PIN = HIGH;
  10   1        CATHODE_SEVEN_SEGMENT_LED_EN_PIN = LOW;
  11   1      }
  12          
  13          void loop()
  14          {
  15   1        // code section to run repeatedly:
  16   1        unsigned char index;
  17   1        for(index = 0; index <= 0x0F; index++)
  18   1        {
  19   2          ANODE_SEVEN_SEGMENT_LED_PORT = SEVEN_SEGMENT_LED_ANODE_CODES[index];
  20   2          CATHODE_SEVEN_SEGMENT_LED_PORT = SEVEN_SEGMENT_LED_CATHODE_CODES[index];
  21   2          ANODE_SEVEN_SEGMENT_LED_EN_PIN = HIGH;
  22   2          CATHODE_SEVEN_SEGMENT_LED_EN_PIN = LOW;
  23   2          delay_ms(1000);
  24   2        }
  25   1      }
  26          
  27          void main()
  28          {
  29   1        setup();
  30   1        while(1)
  31   1        {
  32   2          loop();
  33   2        }
  34   1      }


MODULE INFORMATION:   STATIC OVERLAYABLE
   CODE SIZE        =     59    ----
   CONSTANT SIZE    =     32    ----
   XDATA SIZE       =   ----    ----
   PDATA SIZE       =   ----    ----
   DATA SIZE        =   ----       1
   IDATA SIZE       =   ----    ----
   BIT SIZE         =   ----    ----
END OF MODULE INFORMATION.


C51 COMPILATION COMPLETE.  0 WARNING(S),  0 ERROR(S)
