C51 COMPILER V9.60.0.0   DELAY                                                             11/11/2023 22:47:41 PAGE 1   


C51 COMPILER V9.60.0.0, COMPILATION OF MODULE DELAY
OBJECT MODULE PLACED IN .\Objects\delay.obj
COMPILER INVOKED BY: C:\Keil_v5\C51\BIN\C51.EXE Z:\Users\nmhtdytgmail.com\Embedded\8051\Libraries\Delay\delay.c OPTIMIZE
                    -(8,SPEED) BROWSE DEBUG OBJECTEXTEND PRINT(.\Listings\delay.lst) TABS(2) OBJECT(.\Objects\delay.obj)

line level    source

   1          #include "delay.h"
   2          #include "settings.h"
   3          
   4          #define DELAY_USING_TIMER_0 0x00
   5          #define DELAY_USING_TIMER_1 0x01
   6          #define DELAY_USING_FOR_LOOP 0x02
   7          
   8          #ifndef FREQ_OSC
              // {
                #error "FREQ_OSC not defined!"
              // }
              #else
  13          // {
  14            #ifndef DELAY_MODE
                // {
                  #error "DELAY_MODE not defined!"
                // }
                #else
  19            // {
  20              #if (DELAY_MODE == DELAY_USING_FOR_LOOP)
  21              // {
  22                #if (FREQ_OSC == 12000000)
  23                // {
  24                  #define TIME_SCALE 123
  25                // }
  26                #elif (FREQ_OSC == 11059200)
                    // {
                      #define TIME_SCALE 113
                    // }
                    #elif (FREQ_OSC == 8000000)
                    // {
                      #define TIME_SCALE 218
                    // }
                    #else
                    // {
                      #error "No delay for that FREQ_OSC"
                    // }
                    #endif
  39                
  40                #ifdef TIME_SCALE
  41                // {
  42                  void delay_ms(unsigned int t_delay_ms)
  43                  {
  44   1                unsigned int x, y;
  45   1                for (x = 0; x < t_delay_ms; x++)
  46   1                {
  47   2                  for (y = 0; y < TIME_SCALE; y++)
  48   2                  {
  49   3                    // Do nothing
  50   3                  }
  51   2                }
  52   1              }
  53                #endif
  54                // }
C51 COMPILER V9.60.0.0   DELAY                                                             11/11/2023 22:47:41 PAGE 2   

  55              // }
  56              #elif (DELAY_MODE == DELAY_USING_TIMER_0)
                  // {
                  
                  // }
                  #elif (DELAY_MODE == DELAY_USING_TIMER_1)
                  // {
                  
                  // }
                  #else
                  // {
                    #error "Invalid DELAY_MODE!"
                  // }
                  #endif
  69            // }
  70            #endif
  71          // }
  72          #endif


MODULE INFORMATION:   STATIC OVERLAYABLE
   CODE SIZE        =     32    ----
   CONSTANT SIZE    =   ----    ----
   XDATA SIZE       =   ----    ----
   PDATA SIZE       =   ----    ----
   DATA SIZE        =   ----    ----
   IDATA SIZE       =   ----    ----
   BIT SIZE         =   ----    ----
END OF MODULE INFORMATION.


C51 COMPILATION COMPLETE.  0 WARNING(S),  0 ERROR(S)
